0 info it worked if it ends with ok
1 verbose cli [ '/home/mbonjour/anaconda3/envs/sites/bin/node',
1 verbose cli   '/home/mbonjour/anaconda3/envs/sites/bin/npm',
1 verbose cli   'start' ]
2 info using npm@3.10.10
3 info using node@v6.11.2
4 verbose run-script [ 'prestart', 'start', 'poststart' ]
5 info lifecycle curso-typescript@1.0.0~prestart: curso-typescript@1.0.0
6 silly lifecycle curso-typescript@1.0.0~prestart: no script for prestart, continuing
7 info lifecycle curso-typescript@1.0.0~start: curso-typescript@1.0.0
8 verbose lifecycle curso-typescript@1.0.0~start: unsafe-perm in lifecycle true
9 verbose lifecycle curso-typescript@1.0.0~start: PATH: /home/mbonjour/anaconda3/envs/sites/lib/node_modules/npm/bin/node-gyp-bin:/home/mbonjour/curso-typemaster/curso-typescript/node_modules/.bin:/home/mbonjour/anaconda3/envs/sites/bin:/opt/jdk/bin:/opt/jdk/bin:/home/mbonjour/.nvm/versions/node/v16.17.1/bin:/home/mbonjour/anaconda3/condabin:/usr/local/sbin:/usr/local/bin:/usr/sbin:/usr/bin:/sbin:/bin:/usr/games:/usr/local/games:/snap/bin
10 verbose lifecycle curso-typescript@1.0.0~start: CWD: /home/mbonjour/curso-typemaster/curso-typescript
11 silly lifecycle curso-typescript@1.0.0~start: Args: [ '-c', 'live-server' ]
12 silly lifecycle curso-typescript@1.0.0~start: Returned: code: 126  signal: null
13 info lifecycle curso-typescript@1.0.0~start: Failed to exec start script
14 verbose stack Error: curso-typescript@1.0.0 start: `live-server`
14 verbose stack Exit status 126
14 verbose stack     at EventEmitter.<anonymous> (/home/mbonjour/anaconda3/envs/sites/lib/node_modules/npm/lib/utils/lifecycle.js:255:16)
14 verbose stack     at emitTwo (events.js:106:13)
14 verbose stack     at EventEmitter.emit (events.js:191:7)
14 verbose stack     at ChildProcess.<anonymous> (/home/mbonjour/anaconda3/envs/sites/lib/node_modules/npm/lib/utils/spawn.js:40:14)
14 verbose stack     at emitTwo (events.js:106:13)
14 verbose stack     at ChildProcess.emit (events.js:191:7)
14 verbose stack     at maybeClose (internal/child_process.js:891:16)
14 verbose stack     at Process.ChildProcess._handle.onexit (internal/child_process.js:226:5)
15 verbose pkgid curso-typescript@1.0.0
16 verbose cwd /home/mbonjour/curso-typemaster/curso-typescript
17 error Linux 5.0.0-36-generic
18 error argv "/home/mbonjour/anaconda3/envs/sites/bin/node" "/home/mbonjour/anaconda3/envs/sites/bin/npm" "start"
19 error node v6.11.2
20 error npm  v3.10.10
21 error code ELIFECYCLE
22 error curso-typescript@1.0.0 start: `live-server`
22 error Exit status 126
23 error Failed at the curso-typescript@1.0.0 start script 'live-server'.
23 error Make sure you have the latest version of node.js and npm installed.
23 error If you do, this is most likely a problem with the curso-typescript package,
23 error not with npm itself.
23 error Tell the author that this fails on your system:
23 error     live-server
23 error You can get information on how to open an issue for this project with:
23 error     npm bugs curso-typescript
23 error Or if that isn't available, you can get their info via:
23 error     npm owner ls curso-typescript
23 error There is likely additional logging output above.
24 verbose exit [ 1, true ]
